<?xml version="1.0" encoding="UTF-8"?>
<!-- Generated by org.testng.reporters.JUnitReportReporter -->
<testsuite skipped="0" hostname="DESKTOP-Q44GKQB" name="com.orangehrm.demo.opensource.testsuite.ForgotPasswordTest" tests="1" failures="0" timestamp="2022-12-13T22:39:46 AEST" time="5.912" errors="0">
  <testcase name="userShouldNavigateToForgotPasswordPageSuccessfully" time="5.912" classname="com.orangehrm.demo.opensource.testsuite.ForgotPasswordTest"/>
  <system-out>
    <![CDATA[Click on Forgot Password[[ChromeDriver: chrome on WINDOWS (7fca54a01c4a187bdf2c19e8b82c5cc4)] -> xpath: //body/div[@id='app']/div[1]/div[1]/div[1]/div[1]/div[2]/div[2]/form[1]/div[4]/p[1]]
Verify Text[[ChromeDriver: chrome on WINDOWS (7fca54a01c4a187bdf2c19e8b82c5cc4)] -> xpath: //body/div[@id='app']/div[1]/div[1]/div[1]/form[1]/h6[1]]]]>
  </system-out>
</testsuite> <!-- com.orangehrm.demo.opensource.testsuite.ForgotPasswordTest -->
