<?xml version="1.0" encoding="UTF-8"?>
<!-- Generated by org.testng.reporters.JUnitReportReporter -->
<testsuite skipped="0" hostname="DESKTOP-Q44GKQB" name="com.orangehrm.demo.opensource.testsuite.LoginPageTest" tests="1" failures="0" timestamp="2022-12-13T22:39:46 AEST" time="5.460" errors="0">
  <testcase name="userShouldLoginSuccessfullyWithValidCredentials" time="5.460" classname="com.orangehrm.demo.opensource.testsuite.LoginPageTest"/>
  <system-out>
    <![CDATA[Enter user name[[ChromeDriver: chrome on WINDOWS (0d3539139b03baf47c4011c533f729ad)] -> name: username]
Enter Password[[ChromeDriver: chrome on WINDOWS (0d3539139b03baf47c4011c533f729ad)] -> name: password]
Click on login[[ChromeDriver: chrome on WINDOWS (0d3539139b03baf47c4011c533f729ad)] -> xpath: //button[@class='oxd-button oxd-button--medium oxd-button--main orangehrm-login-button']]
Get Text Message[[ChromeDriver: chrome on WINDOWS (0d3539139b03baf47c4011c533f729ad)] -> xpath: //h6[@class='oxd-text oxd-text--h6 oxd-topbar-header-breadcrumb-module']]]]>
  </system-out>
</testsuite> <!-- com.orangehrm.demo.opensource.testsuite.LoginPageTest -->
